This is pdfTeX, Version 3.1415926-2.5-1.40.14 (TeX Live 2013) (format=pdflatex 2013.8.24)  5 DEC 2013 18:56
entering extended mode
 restricted \write18 enabled.
 %&-line parsing enabled.
**model_cont_fits.tex
(./model_cont_fits.tex
LaTeX2e <2011/06/27>
Babel <3.9f> and hyphenation patterns for 78 languages loaded.
(./mn2e.cls
Document Class: mn2e 2001/02/06 v2.2 LaTeX2e MN document class
Document Style `MN' v2.2, released 2001 February 20
\math@groups=\toks14
LaTeX Font Info:    Overwriting symbol font `symbols' in version `bold'
(Font)                  OMS/cmsy/b/n --> OMS/cmsy/b/n on input line 223.
\symbmisymbols=\mathgroup4
\SFB@measure=\dimen102
\realparindent=\skip41
\c@part=\count79
\c@section=\count80
\c@subsection=\count81
\c@subsubsection=\count82
\c@paragraph=\count83
\c@subparagraph=\count84
\@indentskip=\skip42
\smallindent=\skip43
\@footindent=\skip44
\@leftskip=\skip45
\c@dummy=\count85
(/usr/local/texlive/2013/texmf-dist/tex/latex/natbib/natbib.sty
Package: natbib 2010/09/13 8.31b (PWD, AO)
\bibhang=\skip46
\bibsep=\skip47
LaTeX Info: Redefining \cite on input line 694.
\c@NAT@ctr=\count86
)
\c@table=\count87
\c@figure=\count88
\mathindent=\dimen103
)
(/usr/local/texlive/2013/texmf-dist/tex/latex/amsmath/amsmath.sty
Package: amsmath 2013/01/14 v2.14 AMS math features
\@mathmargin=\skip48

For additional information on amsmath, use the `?' option.
(/usr/local/texlive/2013/texmf-dist/tex/latex/amsmath/amstext.sty
Package: amstext 2000/06/29 v2.01

(/usr/local/texlive/2013/texmf-dist/tex/latex/amsmath/amsgen.sty
File: amsgen.sty 1999/11/30 v2.0
\@emptytoks=\toks15
\ex@=\dimen104
))
(/usr/local/texlive/2013/texmf-dist/tex/latex/amsmath/amsbsy.sty
Package: amsbsy 1999/11/29 v1.2d
\pmbraise@=\dimen105
)
(/usr/local/texlive/2013/texmf-dist/tex/latex/amsmath/amsopn.sty
Package: amsopn 1999/12/14 v2.01 operator names
)
\inf@bad=\count89
LaTeX Info: Redefining \frac on input line 210.
\uproot@=\count90
\leftroot@=\count91
LaTeX Info: Redefining \overline on input line 306.
\classnum@=\count92
\DOTSCASE@=\count93
LaTeX Info: Redefining \ldots on input line 378.
LaTeX Info: Redefining \dots on input line 381.
LaTeX Info: Redefining \cdots on input line 466.
\Mathstrutbox@=\box26
\strutbox@=\box27
\big@size=\dimen106
LaTeX Font Info:    Redeclaring font encoding OML on input line 566.
LaTeX Font Info:    Redeclaring font encoding OMS on input line 567.
\macc@depth=\count94
\c@MaxMatrixCols=\count95
\dotsspace@=\muskip10
\c@parentequation=\count96
\dspbrk@lvl=\count97
\tag@help=\toks16
\row@=\count98
\column@=\count99
\maxfields@=\count100
\andhelp@=\toks17
\eqnshift@=\dimen107
\alignsep@=\dimen108
\tagshift@=\dimen109
\tagwidth@=\dimen110
\totwidth@=\dimen111
\lineht@=\dimen112
\@envbody=\toks18
\multlinegap=\skip49
\multlinetaggap=\skip50
\mathdisplay@stack=\toks19
LaTeX Info: Redefining \[ on input line 2665.
LaTeX Info: Redefining \] on input line 2666.
)
(/usr/local/texlive/2013/texmf-dist/tex/latex/amsfonts/amssymb.sty
Package: amssymb 2013/01/14 v3.01 AMS font symbols

(/usr/local/texlive/2013/texmf-dist/tex/latex/amsfonts/amsfonts.sty
Package: amsfonts 2013/01/14 v3.01 Basic AMSFonts support
\symAMSa=\mathgroup5
\symAMSb=\mathgroup6
LaTeX Font Info:    Overwriting math alphabet `\mathfrak' in version `bold'
(Font)                  U/euf/m/n --> U/euf/b/n on input line 106.
))
(/usr/local/texlive/2013/texmf-dist/tex/latex/graphics/graphics.sty
Package: graphics 2009/02/05 v1.0o Standard LaTeX Graphics (DPC,SPQR)

(/usr/local/texlive/2013/texmf-dist/tex/latex/graphics/trig.sty
Package: trig 1999/03/16 v1.09 sin cos tan (DPC)
)
(/usr/local/texlive/2013/texmf-dist/tex/latex/latexconfig/graphics.cfg
File: graphics.cfg 2010/04/23 v1.9 graphics configuration of TeX Live
)
Package graphics Info: Driver file: pdftex.def on input line 91.

(/usr/local/texlive/2013/texmf-dist/tex/latex/pdftex-def/pdftex.def
File: pdftex.def 2011/05/27 v0.06d Graphics/color for pdfTeX

(/usr/local/texlive/2013/texmf-dist/tex/generic/oberdiek/infwarerr.sty
Package: infwarerr 2010/04/08 v1.3 Providing info/warning/error messages (HO)
)
(/usr/local/texlive/2013/texmf-dist/tex/generic/oberdiek/ltxcmds.sty
Package: ltxcmds 2011/11/09 v1.22 LaTeX kernel commands for general use (HO)
)
\Gread@gobject=\count101
))
(/usr/local/texlive/2013/texmf-dist/tex/latex/graphics/graphicx.sty
Package: graphicx 1999/02/16 v1.0f Enhanced LaTeX Graphics (DPC,SPQR)

(/usr/local/texlive/2013/texmf-dist/tex/latex/graphics/keyval.sty
Package: keyval 1999/03/16 v1.13 key=value parser (DPC)
\KV@toks@=\toks20
)
\Gin@req@height=\dimen113
\Gin@req@width=\dimen114
)
(/usr/local/texlive/2013/texmf-dist/tex/latex/graphics/epsfig.sty
Package: epsfig 1999/02/16 v1.7a (e)psfig emulation (SPQR)
\epsfxsize=\dimen115
\epsfysize=\dimen116
)
(/usr/local/texlive/2013/texmf-dist/tex/latex/morefloats/morefloats.sty
Package: morefloats 2012/01/28 v1.0f Raise limit of unprocessed floats (HMM; DH
)

(/usr/local/texlive/2013/texmf-dist/tex/latex/oberdiek/kvoptions.sty
Package: kvoptions 2011/06/30 v3.11 Key value format for package options (HO)

(/usr/local/texlive/2013/texmf-dist/tex/generic/oberdiek/kvsetkeys.sty
Package: kvsetkeys 2012/04/25 v1.16 Key value parser (HO)

(/usr/local/texlive/2013/texmf-dist/tex/generic/oberdiek/etexcmds.sty
Package: etexcmds 2011/02/16 v1.5 Avoid name clashes with e-TeX commands (HO)

(/usr/local/texlive/2013/texmf-dist/tex/generic/oberdiek/ifluatex.sty
Package: ifluatex 2010/03/01 v1.3 Provides the ifluatex switch (HO)
Package ifluatex Info: LuaTeX not detected.
)
Package etexcmds Info: Could not find \expanded.
(etexcmds)             That can mean that you are not using pdfTeX 1.50 or
(etexcmds)             that some package has redefined \expanded.
(etexcmds)             In the latter case, load this package earlier.
)))
Package morefloats Info: Maximum number of possible floats asked for: 36.
(morefloats)             LaTeX might run out of memory before this
(morefloats)             (in which case it will notify you).
(morefloats)              on input line 171.
\bx@S=\insert233
\bx@T=\insert232
\bx@U=\insert231
\bx@V=\insert230
\bx@W=\insert229
\bx@X=\insert228
\bx@Y=\insert227
\bx@Z=\insert226
\bx@AA=\insert225
\bx@AB=\insert224
\bx@AC=\insert223
\bx@AD=\insert222
\bx@AE=\insert221
\bx@AF=\insert220
\bx@AG=\insert219
\bx@AH=\insert218
\bx@AI=\insert217
\bx@AJ=\insert216
)
(./model_cont_fits.aux

LaTeX Warning: Label `fig:landscape' multiply defined.


LaTeX Warning: Label `fig:landscape' multiply defined.


LaTeX Warning: Label `fig:landscape' multiply defined.


LaTeX Warning: Label `fig:landscape' multiply defined.


LaTeX Warning: Label `fig:landscape' multiply defined.


LaTeX Warning: Label `fig:landscape' multiply defined.


LaTeX Warning: Label `fig:landscape' multiply defined.


LaTeX Warning: Label `fig:landscape' multiply defined.

)
\openout1 = `model_cont_fits.aux'.

LaTeX Font Info:    Checking defaults for OML/cmm/m/it on input line 61.
LaTeX Font Info:    ... okay on input line 61.
LaTeX Font Info:    Checking defaults for T1/cmr/m/n on input line 61.
LaTeX Font Info:    ... okay on input line 61.
LaTeX Font Info:    Checking defaults for OT1/cmr/m/n on input line 61.
LaTeX Font Info:    ... okay on input line 61.
LaTeX Font Info:    Checking defaults for OMS/cmsy/m/n on input line 61.
LaTeX Font Info:    ... okay on input line 61.
LaTeX Font Info:    Checking defaults for OMX/cmex/m/n on input line 61.
LaTeX Font Info:    ... okay on input line 61.
LaTeX Font Info:    Checking defaults for U/cmr/m/n on input line 61.
LaTeX Font Info:    ... okay on input line 61.
 (/usr/local/texlive/2013/texmf-dist/tex/context/base/supp-pdf.mkii
[Loading MPS to PDF converter (version 2006.09.02).]
\scratchcounter=\count102
\scratchdimen=\dimen117
\scratchbox=\box28
\nofMPsegments=\count103
\nofMParguments=\count104
\everyMPshowfont=\toks21
\MPscratchCnt=\count105
\MPscratchDim=\dimen118
\MPnumerator=\count106
\makeMPintoPDFobject=\count107
\everyMPtoPDFconversion=\toks22
) (/usr/local/texlive/2013/texmf-dist/tex/generic/oberdiek/pdftexcmds.sty
Package: pdftexcmds 2011/11/29 v0.20 Utility functions of pdfTeX for LuaTeX (HO
)

(/usr/local/texlive/2013/texmf-dist/tex/generic/oberdiek/ifpdf.sty
Package: ifpdf 2011/01/30 v2.3 Provides the ifpdf switch (HO)
Package ifpdf Info: pdfTeX in PDF mode is detected.
)
Package pdftexcmds Info: LuaTeX not detected.
Package pdftexcmds Info: \pdf@primitive is available.
Package pdftexcmds Info: \pdf@ifprimitive is available.
Package pdftexcmds Info: \pdfdraftmode found.
)
(/usr/local/texlive/2013/texmf-dist/tex/latex/oberdiek/epstopdf-base.sty
Package: epstopdf-base 2010/02/09 v2.5 Base part for package epstopdf

(/usr/local/texlive/2013/texmf-dist/tex/latex/oberdiek/grfext.sty
Package: grfext 2010/08/19 v1.1 Manage graphics extensions (HO)

(/usr/local/texlive/2013/texmf-dist/tex/generic/oberdiek/kvdefinekeys.sty
Package: kvdefinekeys 2011/04/07 v1.3 Define keys (HO)
))
Package grfext Info: Graphics extension search list:
(grfext)             [.png,.pdf,.jpg,.mps,.jpeg,.jbig2,.jb2,.PNG,.PDF,.JPG,.JPE
G,.JBIG2,.JB2,.eps]
(grfext)             \AppendGraphicsExtensions on input line 452.

(/usr/local/texlive/2013/texmf-dist/tex/latex/latexconfig/epstopdf-sys.cfg
File: epstopdf-sys.cfg 2010/07/13 v1.3 Configuration of (r)epstopdf for TeX Liv
e
))
LaTeX Font Info:    Try loading font information for U+msa on input line 73.

(/usr/local/texlive/2013/texmf-dist/tex/latex/amsfonts/umsa.fd
File: umsa.fd 2013/01/14 v3.01 AMS symbols A
)
LaTeX Font Info:    Try loading font information for U+msb on input line 73.

(/usr/local/texlive/2013/texmf-dist/tex/latex/amsfonts/umsb.fd
File: umsb.fd 2013/01/14 v3.01 AMS symbols B
)
Overfull \hbox (9.39989pt too wide) in paragraph at lines 73--73
[][]  
 []


LaTeX Warning: Command \r invalid in math mode on input line 88.


LaTeX Warning: Command \r invalid in math mode on input line 96.


LaTeX Warning: Command \r invalid in math mode on input line 97.


LaTeX Warning: Command \r invalid in math mode on input line 102.


LaTeX Warning: Command \r invalid in math mode on input line 102.


LaTeX Warning: Command \r invalid in math mode on input line 102.


Underfull \hbox (badness 10000) in paragraph at lines 115--119

 []

LaTeX Font Info:    Try loading font information for OMS+cmr on input line 126.

(/usr/local/texlive/2013/texmf-dist/tex/latex/base/omscmr.fd
File: omscmr.fd 1999/05/25 v2.5h Standard LaTeX font definitions
)
LaTeX Font Info:    Font shape `OMS/cmr/m/n' in size <8> not available
(Font)              Font shape `OMS/cmsy/m/n' tried instead on input line 126.
 [1{/usr/local/texlive/2013/texmf-var/fonts/map/pdftex/updmap/pdftex.map}


]

LaTeX Warning: File `tab.png' not found on input line 144.


! Package pdftex.def Error: File `tab.png' not found.

See the pdftex.def package documentation for explanation.
Type  H <return>  for immediate help.
 ...                                              
                                                  
l.144 ...ics[width=0.7\linewidth,angle=0]{tab.png}
                                                  
Using draft setting for this image.
Try typing  <return>  to proceed.
If that doesn't work, type  X <return>  to quit.

<superposition_1.png, id=21, 578.16pt x 433.62pt>
File: superposition_1.png Graphic file (type png)
 <use superposition_1.png>
Package pdftex.def Info: superposition_1.png used on input line 158.
(pdftex.def)             Requested size: 302.40308pt x 226.80038pt.

<superposition_17.png, id=23, 578.16pt x 433.62pt>
File: superposition_17.png Graphic file (type png)
 <use superposition_17.png>
Package pdftex.def Info: superposition_17.png used on input line 159.
(pdftex.def)             Requested size: 302.40308pt x 226.80038pt.

<superposition_20.png, id=24, 578.16pt x 433.62pt>
File: superposition_20.png Graphic file (type png)
 <use superposition_20.png>
Package pdftex.def Info: superposition_20.png used on input line 160.
(pdftex.def)             Requested size: 302.40308pt x 226.80038pt.


LaTeX Warning: Float too large for page by 50.40115pt on input line 163.

[2] <mg+fe_1.png, id=29, 578.16pt x 433.62pt>
File: mg+fe_1.png Graphic file (type png)
 <use mg+fe_1.png>
Package pdftex.def Info: mg+fe_1.png used on input line 171.
(pdftex.def)             Requested size: 302.40308pt x 226.80038pt.

<mg+fe_17.png, id=30, 578.16pt x 433.62pt>
File: mg+fe_17.png Graphic file (type png)
 <use mg+fe_17.png>
Package pdftex.def Info: mg+fe_17.png used on input line 173.
(pdftex.def)             Requested size: 302.40308pt x 226.80038pt.

<mg+fe_20.png, id=31, 578.16pt x 433.62pt>
File: mg+fe_20.png Graphic file (type png)
 <use mg+fe_20.png>
Package pdftex.def Info: mg+fe_20.png used on input line 174.
(pdftex.def)             Requested size: 302.40308pt x 226.80038pt.


LaTeX Warning: Float too large for page by 44.62752pt on input line 177.


LaTeX Warning: File `balmer_lines_1.png' not found on input line 185.


! Package pdftex.def Error: File `balmer_lines_1.png' not found.

See the pdftex.def package documentation for explanation.
Type  H <return>  for immediate help.
 ...                                              
                                                  
l.185 ....6\linewidth,angle=0]{balmer_lines_1.png}
                                                  
Using draft setting for this image.
Try typing  <return>  to proceed.
If that doesn't work, type  X <return>  to quit.


LaTeX Warning: File `balmer_lines_17.png' not found on input line 187.


! Package pdftex.def Error: File `balmer_lines_17.png' not found.

See the pdftex.def package documentation for explanation.
Type  H <return>  for immediate help.
 ...                                              
                                                  
l.187 ...6\linewidth,angle=0]{balmer_lines_17.png}
                                                  \\
Using draft setting for this image.
Try typing  <return>  to proceed.
If that doesn't work, type  X <return>  to quit.


LaTeX Warning: File `balmer_lines_20.png' not found on input line 188.


! Package pdftex.def Error: File `balmer_lines_20.png' not found.

See the pdftex.def package documentation for explanation.
Type  H <return>  for immediate help.
 ...                                              
                                                  
l.188 ...6\linewidth,angle=0]{balmer_lines_20.png}
                                                  
Using draft setting for this image.
Try typing  <return>  to proceed.
If that doesn't work, type  X <return>  to quit.


LaTeX Warning: Float too large for page by 281.68471pt on input line 191.

[3] [4 <./superposition_1.png> <./superposition_17.png> <./superposition_20.png
>] [5 <./mg+fe_1.png> <./mg+fe_17.png> <./mg+fe_20.png>] [6]

LaTeX Warning: File `fe_2000-2800_1.png' not found on input line 200.


! Package pdftex.def Error: File `fe_2000-2800_1.png' not found.

See the pdftex.def package documentation for explanation.
Type  H <return>  for immediate help.
 ...                                              
                                                  
l.200 ....6\linewidth,angle=0]{fe_2000-2800_1.png}
                                                  
Using draft setting for this image.
Try typing  <return>  to proceed.
If that doesn't work, type  X <return>  to quit.


LaTeX Warning: File `fe_2000-2800_17.png' not found on input line 202.


! Package pdftex.def Error: File `fe_2000-2800_17.png' not found.

See the pdftex.def package documentation for explanation.
Type  H <return>  for immediate help.
 ...                                              
                                                  
l.202 ...6\linewidth,angle=0]{fe_2000-2800_17.png}
                                                  \\
Using draft setting for this image.
Try typing  <return>  to proceed.
If that doesn't work, type  X <return>  to quit.


LaTeX Warning: File `fe_2000-2800_20.png' not found on input line 203.


! Package pdftex.def Error: File `fe_2000-2800_20.png' not found.

See the pdftex.def package documentation for explanation.
Type  H <return>  for immediate help.
 ...                                              
                                                  
l.203 ...6\linewidth,angle=0]{fe_2000-2800_20.png}
                                                  
Using draft setting for this image.
Try typing  <return>  to proceed.
If that doesn't work, type  X <return>  to quit.


LaTeX Warning: Float too large for page by 301.24026pt on input line 206.

<MgII_1.png, id=51, 578.16pt x 433.62pt>
File: MgII_1.png Graphic file (type png)
 <use MgII_1.png>
Package pdftex.def Info: MgII_1.png used on input line 214.
(pdftex.def)             Requested size: 231.84338pt x 173.8816pt.

<MgII_17.png, id=52, 578.16pt x 433.62pt>
File: MgII_17.png Graphic file (type png)
 <use MgII_17.png>
Package pdftex.def Info: MgII_17.png used on input line 216.
(pdftex.def)             Requested size: 246.96277pt x 185.22229pt.

<MgII_20.png, id=53, 578.16pt x 433.62pt>
File: MgII_20.png Graphic file (type png)
 <use MgII_20.png>
Package pdftex.def Info: MgII_20.png used on input line 217.
(pdftex.def)             Requested size: 231.84338pt x 173.8816pt.
 [7] [8]
<SiIV_1.png, id=61, 578.16pt x 433.62pt>
File: SiIV_1.png Graphic file (type png)
 <use SiIV_1.png>
Package pdftex.def Info: SiIV_1.png used on input line 231.
(pdftex.def)             Requested size: 231.84338pt x 173.8816pt.

<SiIV_17.png, id=62, 578.16pt x 433.62pt>
File: SiIV_17.png Graphic file (type png)
 <use SiIV_17.png>
Package pdftex.def Info: SiIV_17.png used on input line 233.
(pdftex.def)             Requested size: 246.96277pt x 185.22229pt.

<SiIV_20.png, id=63, 578.16pt x 433.62pt>
File: SiIV_20.png Graphic file (type png)
 <use SiIV_20.png>
Package pdftex.def Info: SiIV_20.png used on input line 234.
(pdftex.def)             Requested size: 231.84338pt x 173.8816pt.

<C_1.png, id=64, 578.16pt x 433.62pt>
File: C_1.png Graphic file (type png)
 <use C_1.png>
Package pdftex.def Info: C_1.png used on input line 251.
(pdftex.def)             Requested size: 231.84338pt x 173.8816pt.

<C_17.png, id=65, 578.16pt x 433.62pt>
File: C_17.png Graphic file (type png)
 <use C_17.png>
Package pdftex.def Info: C_17.png used on input line 253.
(pdftex.def)             Requested size: 246.96277pt x 185.22229pt.

<C_20.png, id=66, 578.16pt x 433.62pt>
File: C_20.png Graphic file (type png)
 <use C_20.png>
Package pdftex.def Info: C_20.png used on input line 254.
(pdftex.def)             Requested size: 231.84338pt x 173.8816pt.
 [9 <./MgII_1.png> <./MgII_17.png> <./MgII_20.png>] <Halpha_1.png, id=73, 578.1
6pt x 433.62pt>
File: Halpha_1.png Graphic file (type png)

<use Halpha_1.png>
Package pdftex.def Info: Halpha_1.png used on input line 268.
(pdftex.def)             Requested size: 231.84338pt x 173.8816pt.
 <Halpha_17.png, id=74, 578.16pt x 433.62pt>
File: Halpha_17.png Graphic file (type png)

<use Halpha_17.png>
Package pdftex.def Info: Halpha_17.png used on input line 270.
(pdftex.def)             Requested size: 246.96277pt x 185.22229pt.
 <Halpha_20.png, id=75, 578.16pt x 433.62pt>
File: Halpha_20.png Graphic file (type png)

<use Halpha_20.png>
Package pdftex.def Info: Halpha_20.png used on input line 271.
(pdftex.def)             Requested size: 231.84338pt x 173.8816pt.
 [10

 <./SiIV_1.png> <./SiIV_17.png> <./SiIV_20.png>]
Underfull \vbox (badness 10000) has occurred while \output is active []

 [11 <./C_1.png> <./C_17.png> <./C_20.png>]
Underfull \vbox (badness 10000) has occurred while \output is active []

 [12 <./Halpha_1.png> <./Halpha_17.png> <./Halpha_20.png>] (./model_cont_fits.a
ux)

LaTeX Warning: There were multiply-defined labels.

 ) 
Here is how much of TeX's memory you used:
 3188 strings out of 493315
 40643 string characters out of 6137904
 109488 words of memory out of 5000000
 6559 multiletter control sequences out of 15000+600000
 18030 words of font info for 66 fonts, out of 8000000 for 9000
 957 hyphenation exceptions out of 8191
 36i,11n,34p,688b,293s stack positions out of 5000i,500n,10000p,200000b,80000s
</usr/local/texlive/2013/texmf-dist/fonts/type1/public/amsfonts/cm/cmbx10.pfb
></usr/local/texlive/2013/texmf-dist/fonts/type1/public/amsfonts/cm/cmbx12.pfb>
</usr/local/texlive/2013/texmf-dist/fonts/type1/public/amsfonts/cm/cmbx8.pfb></
usr/local/texlive/2013/texmf-dist/fonts/type1/public/amsfonts/cm/cmbx9.pfb></us
r/local/texlive/2013/texmf-dist/fonts/type1/public/amsfonts/cm/cmmi6.pfb></usr/
local/texlive/2013/texmf-dist/fonts/type1/public/amsfonts/cm/cmmi8.pfb></usr/lo
cal/texlive/2013/texmf-dist/fonts/type1/public/amsfonts/cm/cmmi9.pfb></usr/loca
l/texlive/2013/texmf-dist/fonts/type1/public/amsfonts/cm/cmr10.pfb></usr/local/
texlive/2013/texmf-dist/fonts/type1/public/amsfonts/cm/cmr12.pfb></usr/local/te
xlive/2013/texmf-dist/fonts/type1/public/amsfonts/cm/cmr6.pfb></usr/local/texli
ve/2013/texmf-dist/fonts/type1/public/amsfonts/cm/cmr8.pfb></usr/local/texlive/
2013/texmf-dist/fonts/type1/public/amsfonts/cm/cmr9.pfb></usr/local/texlive/201
3/texmf-dist/fonts/type1/public/amsfonts/cm/cmsy8.pfb></usr/local/texlive/2013/
texmf-dist/fonts/type1/public/amsfonts/cm/cmsy9.pfb></usr/local/texlive/2013/te
xmf-dist/fonts/type1/public/amsfonts/cm/cmti12.pfb></usr/local/texlive/2013/tex
mf-dist/fonts/type1/public/amsfonts/cm/cmti8.pfb></usr/local/texlive/2013/texmf
-dist/fonts/type1/public/amsfonts/cm/cmti9.pfb></usr/local/texlive/2013/texmf-d
ist/fonts/type1/public/amsfonts/cm/cmtt8.pfb>
Output written on model_cont_fits.pdf (12 pages, 878855 bytes).
PDF statistics:
 152 PDF objects out of 1000 (max. 8388607)
 83 compressed objects within 1 object stream
 0 named destinations out of 1000 (max. 500000)
 91 words of extra memory for PDF output out of 10000 (max. 10000000)

