This is pdfTeX, Version 3.1415926-2.5-1.40.14 (TeX Live 2013) (format=pdflatex 2013.8.24)  11 SEP 2013 02:36
entering extended mode
 restricted \write18 enabled.
 %&-line parsing enabled.
**plots_fe.tex
(./plots_fe.tex
LaTeX2e <2011/06/27>
Babel <3.9f> and hyphenation patterns for 78 languages loaded.
(./mn2e.cls
Document Class: mn2e 2001/02/06 v2.2 LaTeX2e MN document class
Document Style `MN' v2.2, released 2001 February 20
\math@groups=\toks14
LaTeX Font Info:    Overwriting symbol font `symbols' in version `bold'
(Font)                  OMS/cmsy/b/n --> OMS/cmsy/b/n on input line 223.
\symbmisymbols=\mathgroup4
\SFB@measure=\dimen102
\realparindent=\skip41
\c@part=\count79
\c@section=\count80
\c@subsection=\count81
\c@subsubsection=\count82
\c@paragraph=\count83
\c@subparagraph=\count84
\@indentskip=\skip42
\smallindent=\skip43
\@footindent=\skip44
\@leftskip=\skip45
\c@dummy=\count85
(/usr/local/texlive/2013/texmf-dist/tex/latex/natbib/natbib.sty
Package: natbib 2010/09/13 8.31b (PWD, AO)
\bibhang=\skip46
\bibsep=\skip47
LaTeX Info: Redefining \cite on input line 694.
\c@NAT@ctr=\count86
)
\c@table=\count87
\c@figure=\count88
\mathindent=\dimen103
)
(/usr/local/texlive/2013/texmf-dist/tex/latex/amsmath/amsmath.sty
Package: amsmath 2013/01/14 v2.14 AMS math features
\@mathmargin=\skip48

For additional information on amsmath, use the `?' option.
(/usr/local/texlive/2013/texmf-dist/tex/latex/amsmath/amstext.sty
Package: amstext 2000/06/29 v2.01

(/usr/local/texlive/2013/texmf-dist/tex/latex/amsmath/amsgen.sty
File: amsgen.sty 1999/11/30 v2.0
\@emptytoks=\toks15
\ex@=\dimen104
))
(/usr/local/texlive/2013/texmf-dist/tex/latex/amsmath/amsbsy.sty
Package: amsbsy 1999/11/29 v1.2d
\pmbraise@=\dimen105
)
(/usr/local/texlive/2013/texmf-dist/tex/latex/amsmath/amsopn.sty
Package: amsopn 1999/12/14 v2.01 operator names
)
\inf@bad=\count89
LaTeX Info: Redefining \frac on input line 210.
\uproot@=\count90
\leftroot@=\count91
LaTeX Info: Redefining \overline on input line 306.
\classnum@=\count92
\DOTSCASE@=\count93
LaTeX Info: Redefining \ldots on input line 378.
LaTeX Info: Redefining \dots on input line 381.
LaTeX Info: Redefining \cdots on input line 466.
\Mathstrutbox@=\box26
\strutbox@=\box27
\big@size=\dimen106
LaTeX Font Info:    Redeclaring font encoding OML on input line 566.
LaTeX Font Info:    Redeclaring font encoding OMS on input line 567.
\macc@depth=\count94
\c@MaxMatrixCols=\count95
\dotsspace@=\muskip10
\c@parentequation=\count96
\dspbrk@lvl=\count97
\tag@help=\toks16
\row@=\count98
\column@=\count99
\maxfields@=\count100
\andhelp@=\toks17
\eqnshift@=\dimen107
\alignsep@=\dimen108
\tagshift@=\dimen109
\tagwidth@=\dimen110
\totwidth@=\dimen111
\lineht@=\dimen112
\@envbody=\toks18
\multlinegap=\skip49
\multlinetaggap=\skip50
\mathdisplay@stack=\toks19
LaTeX Info: Redefining \[ on input line 2665.
LaTeX Info: Redefining \] on input line 2666.
)
(/usr/local/texlive/2013/texmf-dist/tex/latex/amsfonts/amssymb.sty
Package: amssymb 2013/01/14 v3.01 AMS font symbols

(/usr/local/texlive/2013/texmf-dist/tex/latex/amsfonts/amsfonts.sty
Package: amsfonts 2013/01/14 v3.01 Basic AMSFonts support
\symAMSa=\mathgroup5
\symAMSb=\mathgroup6
LaTeX Font Info:    Overwriting math alphabet `\mathfrak' in version `bold'
(Font)                  U/euf/m/n --> U/euf/b/n on input line 106.
))
(/usr/local/texlive/2013/texmf-dist/tex/latex/graphics/graphics.sty
Package: graphics 2009/02/05 v1.0o Standard LaTeX Graphics (DPC,SPQR)

(/usr/local/texlive/2013/texmf-dist/tex/latex/graphics/trig.sty
Package: trig 1999/03/16 v1.09 sin cos tan (DPC)
)
(/usr/local/texlive/2013/texmf-dist/tex/latex/latexconfig/graphics.cfg
File: graphics.cfg 2010/04/23 v1.9 graphics configuration of TeX Live
)
Package graphics Info: Driver file: pdftex.def on input line 91.

(/usr/local/texlive/2013/texmf-dist/tex/latex/pdftex-def/pdftex.def
File: pdftex.def 2011/05/27 v0.06d Graphics/color for pdfTeX

(/usr/local/texlive/2013/texmf-dist/tex/generic/oberdiek/infwarerr.sty
Package: infwarerr 2010/04/08 v1.3 Providing info/warning/error messages (HO)
)
(/usr/local/texlive/2013/texmf-dist/tex/generic/oberdiek/ltxcmds.sty
Package: ltxcmds 2011/11/09 v1.22 LaTeX kernel commands for general use (HO)
)
\Gread@gobject=\count101
))
(/usr/local/texlive/2013/texmf-dist/tex/latex/graphics/graphicx.sty
Package: graphicx 1999/02/16 v1.0f Enhanced LaTeX Graphics (DPC,SPQR)

(/usr/local/texlive/2013/texmf-dist/tex/latex/graphics/keyval.sty
Package: keyval 1999/03/16 v1.13 key=value parser (DPC)
\KV@toks@=\toks20
)
\Gin@req@height=\dimen113
\Gin@req@width=\dimen114
)
(/usr/local/texlive/2013/texmf-dist/tex/latex/graphics/epsfig.sty
Package: epsfig 1999/02/16 v1.7a (e)psfig emulation (SPQR)
\epsfxsize=\dimen115
\epsfysize=\dimen116
)
(/usr/local/texlive/2013/texmf-dist/tex/latex/morefloats/morefloats.sty
Package: morefloats 2012/01/28 v1.0f Raise limit of unprocessed floats (HMM; DH
)

(/usr/local/texlive/2013/texmf-dist/tex/latex/oberdiek/kvoptions.sty
Package: kvoptions 2011/06/30 v3.11 Key value format for package options (HO)

(/usr/local/texlive/2013/texmf-dist/tex/generic/oberdiek/kvsetkeys.sty
Package: kvsetkeys 2012/04/25 v1.16 Key value parser (HO)

(/usr/local/texlive/2013/texmf-dist/tex/generic/oberdiek/etexcmds.sty
Package: etexcmds 2011/02/16 v1.5 Avoid name clashes with e-TeX commands (HO)

(/usr/local/texlive/2013/texmf-dist/tex/generic/oberdiek/ifluatex.sty
Package: ifluatex 2010/03/01 v1.3 Provides the ifluatex switch (HO)
Package ifluatex Info: LuaTeX not detected.
)
Package etexcmds Info: Could not find \expanded.
(etexcmds)             That can mean that you are not using pdfTeX 1.50 or
(etexcmds)             that some package has redefined \expanded.
(etexcmds)             In the latter case, load this package earlier.
)))
Package morefloats Info: Maximum number of possible floats asked for: 36.
(morefloats)             LaTeX might run out of memory before this
(morefloats)             (in which case it will notify you).
(morefloats)              on input line 171.
\bx@S=\insert233
\bx@T=\insert232
\bx@U=\insert231
\bx@V=\insert230
\bx@W=\insert229
\bx@X=\insert228
\bx@Y=\insert227
\bx@Z=\insert226
\bx@AA=\insert225
\bx@AB=\insert224
\bx@AC=\insert223
\bx@AD=\insert222
\bx@AE=\insert221
\bx@AF=\insert220
\bx@AG=\insert219
\bx@AH=\insert218
\bx@AI=\insert217
\bx@AJ=\insert216
)
(./plots_fe.aux

LaTeX Warning: Label `fig:landscape' multiply defined.


LaTeX Warning: Label `fig:landscape' multiply defined.


LaTeX Warning: Label `fig:landscape' multiply defined.


LaTeX Warning: Label `fig:landscape' multiply defined.


LaTeX Warning: Label `fig:landscape' multiply defined.


LaTeX Warning: Label `fig:landscape' multiply defined.


LaTeX Warning: Label `fig:landscape' multiply defined.


LaTeX Warning: Label `fig:landscape' multiply defined.


LaTeX Warning: Label `fig:landscape' multiply defined.


LaTeX Warning: Label `fig:landscape' multiply defined.


LaTeX Warning: Label `fig:landscape' multiply defined.


LaTeX Warning: Label `fig:landscape' multiply defined.


LaTeX Warning: Label `fig:landscape' multiply defined.


LaTeX Warning: Label `fig:landscape' multiply defined.

)
\openout1 = `plots_fe.aux'.

LaTeX Font Info:    Checking defaults for OML/cmm/m/it on input line 61.
LaTeX Font Info:    ... okay on input line 61.
LaTeX Font Info:    Checking defaults for T1/cmr/m/n on input line 61.
LaTeX Font Info:    ... okay on input line 61.
LaTeX Font Info:    Checking defaults for OT1/cmr/m/n on input line 61.
LaTeX Font Info:    ... okay on input line 61.
LaTeX Font Info:    Checking defaults for OMS/cmsy/m/n on input line 61.
LaTeX Font Info:    ... okay on input line 61.
LaTeX Font Info:    Checking defaults for OMX/cmex/m/n on input line 61.
LaTeX Font Info:    ... okay on input line 61.
LaTeX Font Info:    Checking defaults for U/cmr/m/n on input line 61.
LaTeX Font Info:    ... okay on input line 61.
 (/usr/local/texlive/2013/texmf-dist/tex/context/base/supp-pdf.mkii
[Loading MPS to PDF converter (version 2006.09.02).]
\scratchcounter=\count102
\scratchdimen=\dimen117
\scratchbox=\box28
\nofMPsegments=\count103
\nofMParguments=\count104
\everyMPshowfont=\toks21
\MPscratchCnt=\count105
\MPscratchDim=\dimen118
\MPnumerator=\count106
\makeMPintoPDFobject=\count107
\everyMPtoPDFconversion=\toks22
) (/usr/local/texlive/2013/texmf-dist/tex/generic/oberdiek/pdftexcmds.sty
Package: pdftexcmds 2011/11/29 v0.20 Utility functions of pdfTeX for LuaTeX (HO
)

(/usr/local/texlive/2013/texmf-dist/tex/generic/oberdiek/ifpdf.sty
Package: ifpdf 2011/01/30 v2.3 Provides the ifpdf switch (HO)
Package ifpdf Info: pdfTeX in PDF mode is detected.
)
Package pdftexcmds Info: LuaTeX not detected.
Package pdftexcmds Info: \pdf@primitive is available.
Package pdftexcmds Info: \pdf@ifprimitive is available.
Package pdftexcmds Info: \pdfdraftmode found.
)
(/usr/local/texlive/2013/texmf-dist/tex/latex/oberdiek/epstopdf-base.sty
Package: epstopdf-base 2010/02/09 v2.5 Base part for package epstopdf

(/usr/local/texlive/2013/texmf-dist/tex/latex/oberdiek/grfext.sty
Package: grfext 2010/08/19 v1.1 Manage graphics extensions (HO)

(/usr/local/texlive/2013/texmf-dist/tex/generic/oberdiek/kvdefinekeys.sty
Package: kvdefinekeys 2011/04/07 v1.3 Define keys (HO)
))
Package grfext Info: Graphics extension search list:
(grfext)             [.png,.pdf,.jpg,.mps,.jpeg,.jbig2,.jb2,.PNG,.PDF,.JPG,.JPE
G,.JBIG2,.JB2,.eps]
(grfext)             \AppendGraphicsExtensions on input line 452.

(/usr/local/texlive/2013/texmf-dist/tex/latex/latexconfig/epstopdf-sys.cfg
File: epstopdf-sys.cfg 2010/07/13 v1.3 Configuration of (r)epstopdf for TeX Liv
e
))
LaTeX Font Info:    Try loading font information for U+msa on input line 73.

(/usr/local/texlive/2013/texmf-dist/tex/latex/amsfonts/umsa.fd
File: umsa.fd 2013/01/14 v3.01 AMS symbols A
)
LaTeX Font Info:    Try loading font information for U+msb on input line 73.

(/usr/local/texlive/2013/texmf-dist/tex/latex/amsfonts/umsb.fd
File: umsb.fd 2013/01/14 v3.01 AMS symbols B
)
Overfull \hbox (9.39989pt too wide) in paragraph at lines 73--73
[][]  
 []

<./full_range/continuous_0.png, id=1, 578.16pt x 433.62pt>
File: ./full_range/continuous_0.png Graphic file (type png)

<use ./full_range/continuous_0.png>
Package pdftex.def Info: ./full_range/continuous_0.png used on input line 90.
(pdftex.def)             Requested size: 246.96277pt x 185.22229pt.

<./Fe_fit_slope_break/break_continuous_0.png, id=3, 578.16pt x 433.62pt>
File: ./Fe_fit_slope_break/break_continuous_0.png Graphic file (type png)

<use ./Fe_fit_slope_break/break_continuous_0.png>
Package pdftex.def Info: ./Fe_fit_slope_break/break_continuous_0.png used on in
put line 92.
(pdftex.def)             Requested size: 231.84338pt x 173.8816pt.

<./full_range/fe_fit_SBB_0.png, id=4, 578.16pt x 433.62pt>
File: ./full_range/fe_fit_SBB_0.png Graphic file (type png)

<use ./full_range/fe_fit_SBB_0.png>
Package pdftex.def Info: ./full_range/fe_fit_SBB_0.png used on input line 93.
(pdftex.def)             Requested size: 246.96277pt x 185.22229pt.

<./Fe_fit_slope_break/fe_fit_SBB_0.png, id=5, 578.16pt x 433.62pt>
File: ./Fe_fit_slope_break/fe_fit_SBB_0.png Graphic file (type png)

<use ./Fe_fit_slope_break/fe_fit_SBB_0.png>
Package pdftex.def Info: ./Fe_fit_slope_break/fe_fit_SBB_0.png used on input li
ne 95.
(pdftex.def)             Requested size: 231.84338pt x 173.8816pt.

<./Blue/fe_fit_SBB_0.png, id=6, 578.16pt x 433.62pt>
File: ./Blue/fe_fit_SBB_0.png Graphic file (type png)

<use ./Blue/fe_fit_SBB_0.png>
Package pdftex.def Info: ./Blue/fe_fit_SBB_0.png used on input line 96.
(pdftex.def)             Requested size: 231.84338pt x 173.8816pt.

<./red/fe_fit_SBB_0.png, id=7, 578.16pt x 433.62pt>
File: ./red/fe_fit_SBB_0.png Graphic file (type png)

<use ./red/fe_fit_SBB_0.png>
Package pdftex.def Info: ./red/fe_fit_SBB_0.png used on input line 98.
(pdftex.def)             Requested size: 246.96277pt x 185.22229pt.

<./full_range/continuous_1.png, id=8, 578.16pt x 433.62pt>
File: ./full_range/continuous_1.png Graphic file (type png)

<use ./full_range/continuous_1.png>
Package pdftex.def Info: ./full_range/continuous_1.png used on input line 109.
(pdftex.def)             Requested size: 246.96277pt x 185.22229pt.

<./Fe_fit_slope_break/break_continuous_1.png, id=9, 578.16pt x 433.62pt>
File: ./Fe_fit_slope_break/break_continuous_1.png Graphic file (type png)

<use ./Fe_fit_slope_break/break_continuous_1.png>
Package pdftex.def Info: ./Fe_fit_slope_break/break_continuous_1.png used on in
put line 111.
(pdftex.def)             Requested size: 231.84338pt x 173.8816pt.

<./full_range/fe_fit_SBB_1.png, id=10, 578.16pt x 433.62pt>
File: ./full_range/fe_fit_SBB_1.png Graphic file (type png)

<use ./full_range/fe_fit_SBB_1.png>
Package pdftex.def Info: ./full_range/fe_fit_SBB_1.png used on input line 112.
(pdftex.def)             Requested size: 246.96277pt x 185.22229pt.

<./Fe_fit_slope_break/fe_fit_SBB_1.png, id=11, 578.16pt x 433.62pt>
File: ./Fe_fit_slope_break/fe_fit_SBB_1.png Graphic file (type png)

<use ./Fe_fit_slope_break/fe_fit_SBB_1.png>
Package pdftex.def Info: ./Fe_fit_slope_break/fe_fit_SBB_1.png used on input li
ne 114.
(pdftex.def)             Requested size: 231.84338pt x 173.8816pt.

<./Blue/fe_fit_SBB_1.png, id=12, 578.16pt x 433.62pt>
File: ./Blue/fe_fit_SBB_1.png Graphic file (type png)

<use ./Blue/fe_fit_SBB_1.png>
Package pdftex.def Info: ./Blue/fe_fit_SBB_1.png used on input line 115.
(pdftex.def)             Requested size: 231.84338pt x 173.8816pt.

<./red/fe_fit_SBB_1.png, id=13, 578.16pt x 433.62pt>
File: ./red/fe_fit_SBB_1.png Graphic file (type png)

<use ./red/fe_fit_SBB_1.png>
Package pdftex.def Info: ./red/fe_fit_SBB_1.png used on input line 117.
(pdftex.def)             Requested size: 246.96277pt x 185.22229pt.

<./full_range/continuous_2.png, id=14, 578.16pt x 433.62pt>
File: ./full_range/continuous_2.png Graphic file (type png)

<use ./full_range/continuous_2.png>
Package pdftex.def Info: ./full_range/continuous_2.png used on input line 127.
(pdftex.def)             Requested size: 246.96277pt x 185.22229pt.

<./Fe_fit_slope_break/break_continuous_2.png, id=15, 578.16pt x 433.62pt>
File: ./Fe_fit_slope_break/break_continuous_2.png Graphic file (type png)

<use ./Fe_fit_slope_break/break_continuous_2.png>
Package pdftex.def Info: ./Fe_fit_slope_break/break_continuous_2.png used on in
put line 129.
(pdftex.def)             Requested size: 231.84338pt x 173.8816pt.

<./full_range/fe_fit_SBB_2.png, id=16, 578.16pt x 433.62pt>
File: ./full_range/fe_fit_SBB_2.png Graphic file (type png)

<use ./full_range/fe_fit_SBB_2.png>
Package pdftex.def Info: ./full_range/fe_fit_SBB_2.png used on input line 130.
(pdftex.def)             Requested size: 246.96277pt x 185.22229pt.

<./Fe_fit_slope_break/fe_fit_SBB_2.png, id=17, 578.16pt x 433.62pt>
File: ./Fe_fit_slope_break/fe_fit_SBB_2.png Graphic file (type png)

<use ./Fe_fit_slope_break/fe_fit_SBB_2.png>
Package pdftex.def Info: ./Fe_fit_slope_break/fe_fit_SBB_2.png used on input li
ne 132.
(pdftex.def)             Requested size: 231.84338pt x 173.8816pt.

<./Blue/fe_fit_SBB_2.png, id=18, 578.16pt x 433.62pt>
File: ./Blue/fe_fit_SBB_2.png Graphic file (type png)

<use ./Blue/fe_fit_SBB_2.png>
Package pdftex.def Info: ./Blue/fe_fit_SBB_2.png used on input line 133.
(pdftex.def)             Requested size: 231.84338pt x 173.8816pt.

<./red/fe_fit_SBB_2.png, id=19, 578.16pt x 433.62pt>
File: ./red/fe_fit_SBB_2.png Graphic file (type png)

<use ./red/fe_fit_SBB_2.png>
Package pdftex.def Info: ./red/fe_fit_SBB_2.png used on input line 135.
(pdftex.def)             Requested size: 246.96277pt x 185.22229pt.

<./full_range/continuous_3.png, id=20, 578.16pt x 433.62pt>
File: ./full_range/continuous_3.png Graphic file (type png)

<use ./full_range/continuous_3.png>
Package pdftex.def Info: ./full_range/continuous_3.png used on input line 145.
(pdftex.def)             Requested size: 246.96277pt x 185.22229pt.

<./Fe_fit_slope_break/break_continuous_3.png, id=21, 578.16pt x 433.62pt>
File: ./Fe_fit_slope_break/break_continuous_3.png Graphic file (type png)

<use ./Fe_fit_slope_break/break_continuous_3.png>
Package pdftex.def Info: ./Fe_fit_slope_break/break_continuous_3.png used on in
put line 147.
(pdftex.def)             Requested size: 231.84338pt x 173.8816pt.

<./full_range/fe_fit_SBB_3.png, id=22, 578.16pt x 433.62pt>
File: ./full_range/fe_fit_SBB_3.png Graphic file (type png)

<use ./full_range/fe_fit_SBB_3.png>
Package pdftex.def Info: ./full_range/fe_fit_SBB_3.png used on input line 148.
(pdftex.def)             Requested size: 246.96277pt x 185.22229pt.

<./Fe_fit_slope_break/fe_fit_SBB_3.png, id=23, 578.16pt x 433.62pt>
File: ./Fe_fit_slope_break/fe_fit_SBB_3.png Graphic file (type png)

<use ./Fe_fit_slope_break/fe_fit_SBB_3.png>
Package pdftex.def Info: ./Fe_fit_slope_break/fe_fit_SBB_3.png used on input li
ne 150.
(pdftex.def)             Requested size: 231.84338pt x 173.8816pt.

<./Blue/fe_fit_SBB_3.png, id=24, 578.16pt x 433.62pt>
File: ./Blue/fe_fit_SBB_3.png Graphic file (type png)

<use ./Blue/fe_fit_SBB_3.png>
Package pdftex.def Info: ./Blue/fe_fit_SBB_3.png used on input line 151.
(pdftex.def)             Requested size: 231.84338pt x 173.8816pt.

<./red/fe_fit_SBB_3.png, id=25, 578.16pt x 433.62pt>
File: ./red/fe_fit_SBB_3.png Graphic file (type png)

<use ./red/fe_fit_SBB_3.png>
Package pdftex.def Info: ./red/fe_fit_SBB_3.png used on input line 153.
(pdftex.def)             Requested size: 246.96277pt x 185.22229pt.

<./full_range/continuous_5.png, id=26, 578.16pt x 433.62pt>
File: ./full_range/continuous_5.png Graphic file (type png)

<use ./full_range/continuous_5.png>
Package pdftex.def Info: ./full_range/continuous_5.png used on input line 165.
(pdftex.def)             Requested size: 246.96277pt x 185.22229pt.

<./Fe_fit_slope_break/break_continuous_5.png, id=27, 578.16pt x 433.62pt>
File: ./Fe_fit_slope_break/break_continuous_5.png Graphic file (type png)

<use ./Fe_fit_slope_break/break_continuous_5.png>
Package pdftex.def Info: ./Fe_fit_slope_break/break_continuous_5.png used on in
put line 167.
(pdftex.def)             Requested size: 231.84338pt x 173.8816pt.

<./full_range/fe_fit_SBB_5.png, id=28, 578.16pt x 433.62pt>
File: ./full_range/fe_fit_SBB_5.png Graphic file (type png)

<use ./full_range/fe_fit_SBB_5.png>
Package pdftex.def Info: ./full_range/fe_fit_SBB_5.png used on input line 168.
(pdftex.def)             Requested size: 246.96277pt x 185.22229pt.

<./Fe_fit_slope_break/fe_fit_SBB_5.png, id=29, 578.16pt x 433.62pt>
File: ./Fe_fit_slope_break/fe_fit_SBB_5.png Graphic file (type png)

<use ./Fe_fit_slope_break/fe_fit_SBB_5.png>
Package pdftex.def Info: ./Fe_fit_slope_break/fe_fit_SBB_5.png used on input li
ne 170.
(pdftex.def)             Requested size: 231.84338pt x 173.8816pt.

<./Blue/fe_fit_SBB_5.png, id=30, 578.16pt x 433.62pt>
File: ./Blue/fe_fit_SBB_5.png Graphic file (type png)

<use ./Blue/fe_fit_SBB_5.png>
Package pdftex.def Info: ./Blue/fe_fit_SBB_5.png used on input line 171.
(pdftex.def)             Requested size: 231.84338pt x 173.8816pt.

<./red/fe_fit_SBB_5.png, id=31, 578.16pt x 433.62pt>
File: ./red/fe_fit_SBB_5.png Graphic file (type png)

<use ./red/fe_fit_SBB_5.png>
Package pdftex.def Info: ./red/fe_fit_SBB_5.png used on input line 173.
(pdftex.def)             Requested size: 246.96277pt x 185.22229pt.

<./full_range/continuous_6.png, id=32, 578.16pt x 433.62pt>
File: ./full_range/continuous_6.png Graphic file (type png)

<use ./full_range/continuous_6.png>
Package pdftex.def Info: ./full_range/continuous_6.png used on input line 183.
(pdftex.def)             Requested size: 246.96277pt x 185.22229pt.

<./Fe_fit_slope_break/break_continuous_6.png, id=33, 578.16pt x 433.62pt>
File: ./Fe_fit_slope_break/break_continuous_6.png Graphic file (type png)

<use ./Fe_fit_slope_break/break_continuous_6.png>
Package pdftex.def Info: ./Fe_fit_slope_break/break_continuous_6.png used on in
put line 185.
(pdftex.def)             Requested size: 231.84338pt x 173.8816pt.

<./full_range/fe_fit_SBB_6.png, id=34, 578.16pt x 433.62pt>
File: ./full_range/fe_fit_SBB_6.png Graphic file (type png)

<use ./full_range/fe_fit_SBB_6.png>
Package pdftex.def Info: ./full_range/fe_fit_SBB_6.png used on input line 186.
(pdftex.def)             Requested size: 246.96277pt x 185.22229pt.

<./Fe_fit_slope_break/fe_fit_SBB_6.png, id=35, 578.16pt x 433.62pt>
File: ./Fe_fit_slope_break/fe_fit_SBB_6.png Graphic file (type png)

<use ./Fe_fit_slope_break/fe_fit_SBB_6.png>
Package pdftex.def Info: ./Fe_fit_slope_break/fe_fit_SBB_6.png used on input li
ne 188.
(pdftex.def)             Requested size: 231.84338pt x 173.8816pt.

<./Blue/fe_fit_SBB_6.png, id=36, 578.16pt x 433.62pt>
File: ./Blue/fe_fit_SBB_6.png Graphic file (type png)

<use ./Blue/fe_fit_SBB_6.png>
Package pdftex.def Info: ./Blue/fe_fit_SBB_6.png used on input line 189.
(pdftex.def)             Requested size: 231.84338pt x 173.8816pt.

<./red/fe_fit_SBB_6.png, id=37, 578.16pt x 433.62pt>
File: ./red/fe_fit_SBB_6.png Graphic file (type png)

<use ./red/fe_fit_SBB_6.png>
Package pdftex.def Info: ./red/fe_fit_SBB_6.png used on input line 191.
(pdftex.def)             Requested size: 246.96277pt x 185.22229pt.

<./full_range/continuous_7.png, id=38, 578.16pt x 433.62pt>
File: ./full_range/continuous_7.png Graphic file (type png)

<use ./full_range/continuous_7.png>
Package pdftex.def Info: ./full_range/continuous_7.png used on input line 201.
(pdftex.def)             Requested size: 246.96277pt x 185.22229pt.

<./Fe_fit_slope_break/break_continuous_7.png, id=39, 578.16pt x 433.62pt>
File: ./Fe_fit_slope_break/break_continuous_7.png Graphic file (type png)

<use ./Fe_fit_slope_break/break_continuous_7.png>
Package pdftex.def Info: ./Fe_fit_slope_break/break_continuous_7.png used on in
put line 203.
(pdftex.def)             Requested size: 231.84338pt x 173.8816pt.

<./full_range/fe_fit_SBB_7.png, id=40, 578.16pt x 433.62pt>
File: ./full_range/fe_fit_SBB_7.png Graphic file (type png)

<use ./full_range/fe_fit_SBB_7.png>
Package pdftex.def Info: ./full_range/fe_fit_SBB_7.png used on input line 204.
(pdftex.def)             Requested size: 246.96277pt x 185.22229pt.

<./Fe_fit_slope_break/fe_fit_SBB_7.png, id=41, 578.16pt x 433.62pt>
File: ./Fe_fit_slope_break/fe_fit_SBB_7.png Graphic file (type png)

<use ./Fe_fit_slope_break/fe_fit_SBB_7.png>
Package pdftex.def Info: ./Fe_fit_slope_break/fe_fit_SBB_7.png used on input li
ne 206.
(pdftex.def)             Requested size: 231.84338pt x 173.8816pt.

<./Blue/fe_fit_SBB_7.png, id=42, 578.16pt x 433.62pt>
File: ./Blue/fe_fit_SBB_7.png Graphic file (type png)

<use ./Blue/fe_fit_SBB_7.png>
Package pdftex.def Info: ./Blue/fe_fit_SBB_7.png used on input line 207.
(pdftex.def)             Requested size: 231.84338pt x 173.8816pt.

<./red/fe_fit_SBB_7.png, id=43, 578.16pt x 433.62pt>
File: ./red/fe_fit_SBB_7.png Graphic file (type png)

<use ./red/fe_fit_SBB_7.png>
Package pdftex.def Info: ./red/fe_fit_SBB_7.png used on input line 209.
(pdftex.def)             Requested size: 246.96277pt x 185.22229pt.

<./full_range/continuous_8.png, id=44, 578.16pt x 433.62pt>
File: ./full_range/continuous_8.png Graphic file (type png)

<use ./full_range/continuous_8.png>
Package pdftex.def Info: ./full_range/continuous_8.png used on input line 219.
(pdftex.def)             Requested size: 246.96277pt x 185.22229pt.

<./Fe_fit_slope_break/break_continuous_8.png, id=45, 578.16pt x 433.62pt>
File: ./Fe_fit_slope_break/break_continuous_8.png Graphic file (type png)

<use ./Fe_fit_slope_break/break_continuous_8.png>
Package pdftex.def Info: ./Fe_fit_slope_break/break_continuous_8.png used on in
put line 221.
(pdftex.def)             Requested size: 231.84338pt x 173.8816pt.

<./full_range/fe_fit_SBB_8.png, id=46, 578.16pt x 433.62pt>
File: ./full_range/fe_fit_SBB_8.png Graphic file (type png)

<use ./full_range/fe_fit_SBB_8.png>
Package pdftex.def Info: ./full_range/fe_fit_SBB_8.png used on input line 222.
(pdftex.def)             Requested size: 246.96277pt x 185.22229pt.

<./Fe_fit_slope_break/fe_fit_SBB_8.png, id=47, 578.16pt x 433.62pt>
File: ./Fe_fit_slope_break/fe_fit_SBB_8.png Graphic file (type png)

<use ./Fe_fit_slope_break/fe_fit_SBB_8.png>
Package pdftex.def Info: ./Fe_fit_slope_break/fe_fit_SBB_8.png used on input li
ne 224.
(pdftex.def)             Requested size: 231.84338pt x 173.8816pt.

<./Blue/fe_fit_SBB_8.png, id=48, 578.16pt x 433.62pt>
File: ./Blue/fe_fit_SBB_8.png Graphic file (type png)

<use ./Blue/fe_fit_SBB_8.png>
Package pdftex.def Info: ./Blue/fe_fit_SBB_8.png used on input line 225.
(pdftex.def)             Requested size: 231.84338pt x 173.8816pt.

<./red/fe_fit_SBB_8.png, id=49, 578.16pt x 433.62pt>
File: ./red/fe_fit_SBB_8.png Graphic file (type png)

<use ./red/fe_fit_SBB_8.png>
Package pdftex.def Info: ./red/fe_fit_SBB_8.png used on input line 227.
(pdftex.def)             Requested size: 246.96277pt x 185.22229pt.

<./full_range/continuous_9.png, id=50, 578.16pt x 433.62pt>
File: ./full_range/continuous_9.png Graphic file (type png)

<use ./full_range/continuous_9.png>
Package pdftex.def Info: ./full_range/continuous_9.png used on input line 238.
(pdftex.def)             Requested size: 246.96277pt x 185.22229pt.

<./Fe_fit_slope_break/break_continuous_9.png, id=51, 578.16pt x 433.62pt>
File: ./Fe_fit_slope_break/break_continuous_9.png Graphic file (type png)

<use ./Fe_fit_slope_break/break_continuous_9.png>
Package pdftex.def Info: ./Fe_fit_slope_break/break_continuous_9.png used on in
put line 240.
(pdftex.def)             Requested size: 231.84338pt x 173.8816pt.

<./full_range/fe_fit_SBB_9.png, id=52, 578.16pt x 433.62pt>
File: ./full_range/fe_fit_SBB_9.png Graphic file (type png)

<use ./full_range/fe_fit_SBB_9.png>
Package pdftex.def Info: ./full_range/fe_fit_SBB_9.png used on input line 241.
(pdftex.def)             Requested size: 246.96277pt x 185.22229pt.

<./Fe_fit_slope_break/fe_fit_SBB_9.png, id=53, 578.16pt x 433.62pt>
File: ./Fe_fit_slope_break/fe_fit_SBB_9.png Graphic file (type png)

<use ./Fe_fit_slope_break/fe_fit_SBB_9.png>
Package pdftex.def Info: ./Fe_fit_slope_break/fe_fit_SBB_9.png used on input li
ne 243.
(pdftex.def)             Requested size: 231.84338pt x 173.8816pt.

<./Blue/fe_fit_SBB_9.png, id=54, 578.16pt x 433.62pt>
File: ./Blue/fe_fit_SBB_9.png Graphic file (type png)

<use ./Blue/fe_fit_SBB_9.png>
Package pdftex.def Info: ./Blue/fe_fit_SBB_9.png used on input line 244.
(pdftex.def)             Requested size: 231.84338pt x 173.8816pt.

<./red/fe_fit_SBB_9.png, id=55, 578.16pt x 433.62pt>
File: ./red/fe_fit_SBB_9.png Graphic file (type png)

<use ./red/fe_fit_SBB_9.png>
Package pdftex.def Info: ./red/fe_fit_SBB_9.png used on input line 246.
(pdftex.def)             Requested size: 246.96277pt x 185.22229pt.

<./full_range/continuous_10.png, id=56, 578.16pt x 433.62pt>
File: ./full_range/continuous_10.png Graphic file (type png)

<use ./full_range/continuous_10.png>
Package pdftex.def Info: ./full_range/continuous_10.png used on input line 256.

(pdftex.def)             Requested size: 246.96277pt x 185.22229pt.

<./Fe_fit_slope_break/break_continuous_10.png, id=57, 578.16pt x 433.62pt>
File: ./Fe_fit_slope_break/break_continuous_10.png Graphic file (type png)

<use ./Fe_fit_slope_break/break_continuous_10.png>
Package pdftex.def Info: ./Fe_fit_slope_break/break_continuous_10.png used on i
nput line 258.
(pdftex.def)             Requested size: 231.84338pt x 173.8816pt.

<./full_range/fe_fit_SBB_10.png, id=58, 578.16pt x 433.62pt>
File: ./full_range/fe_fit_SBB_10.png Graphic file (type png)

<use ./full_range/fe_fit_SBB_10.png>
Package pdftex.def Info: ./full_range/fe_fit_SBB_10.png used on input line 259.

(pdftex.def)             Requested size: 246.96277pt x 185.22229pt.

<./Fe_fit_slope_break/fe_fit_SBB_10.png, id=59, 578.16pt x 433.62pt>
File: ./Fe_fit_slope_break/fe_fit_SBB_10.png Graphic file (type png)

<use ./Fe_fit_slope_break/fe_fit_SBB_10.png>
Package pdftex.def Info: ./Fe_fit_slope_break/fe_fit_SBB_10.png used on input l
ine 261.
(pdftex.def)             Requested size: 231.84338pt x 173.8816pt.

<./Blue/fe_fit_SBB_10.png, id=60, 578.16pt x 433.62pt>
File: ./Blue/fe_fit_SBB_10.png Graphic file (type png)

<use ./Blue/fe_fit_SBB_10.png>
Package pdftex.def Info: ./Blue/fe_fit_SBB_10.png used on input line 262.
(pdftex.def)             Requested size: 231.84338pt x 173.8816pt.

<./red/fe_fit_SBB_10.png, id=61, 578.16pt x 433.62pt>
File: ./red/fe_fit_SBB_10.png Graphic file (type png)

<use ./red/fe_fit_SBB_10.png>
Package pdftex.def Info: ./red/fe_fit_SBB_10.png used on input line 264.
(pdftex.def)             Requested size: 246.96277pt x 185.22229pt.

<./full_range/continuous_11.png, id=62, 578.16pt x 433.62pt>
File: ./full_range/continuous_11.png Graphic file (type png)

<use ./full_range/continuous_11.png>
Package pdftex.def Info: ./full_range/continuous_11.png used on input line 274.

(pdftex.def)             Requested size: 246.96277pt x 185.22229pt.

<./Fe_fit_slope_break/break_continuous_11.png, id=63, 578.16pt x 433.62pt>
File: ./Fe_fit_slope_break/break_continuous_11.png Graphic file (type png)

<use ./Fe_fit_slope_break/break_continuous_11.png>
Package pdftex.def Info: ./Fe_fit_slope_break/break_continuous_11.png used on i
nput line 276.
(pdftex.def)             Requested size: 231.84338pt x 173.8816pt.

<./full_range/fe_fit_SBB_11.png, id=64, 578.16pt x 433.62pt>
File: ./full_range/fe_fit_SBB_11.png Graphic file (type png)

<use ./full_range/fe_fit_SBB_11.png>
Package pdftex.def Info: ./full_range/fe_fit_SBB_11.png used on input line 277.

(pdftex.def)             Requested size: 246.96277pt x 185.22229pt.

<./Fe_fit_slope_break/fe_fit_SBB_11.png, id=65, 578.16pt x 433.62pt>
File: ./Fe_fit_slope_break/fe_fit_SBB_11.png Graphic file (type png)

<use ./Fe_fit_slope_break/fe_fit_SBB_11.png>
Package pdftex.def Info: ./Fe_fit_slope_break/fe_fit_SBB_11.png used on input l
ine 279.
(pdftex.def)             Requested size: 231.84338pt x 173.8816pt.

<./Blue/fe_fit_SBB_11.png, id=66, 578.16pt x 433.62pt>
File: ./Blue/fe_fit_SBB_11.png Graphic file (type png)

<use ./Blue/fe_fit_SBB_11.png>
Package pdftex.def Info: ./Blue/fe_fit_SBB_11.png used on input line 280.
(pdftex.def)             Requested size: 231.84338pt x 173.8816pt.

<./red/fe_fit_SBB_11.png, id=67, 578.16pt x 433.62pt>
File: ./red/fe_fit_SBB_11.png Graphic file (type png)

<use ./red/fe_fit_SBB_11.png>
Package pdftex.def Info: ./red/fe_fit_SBB_11.png used on input line 282.
(pdftex.def)             Requested size: 246.96277pt x 185.22229pt.

<./full_range/continuous_12.png, id=68, 578.16pt x 433.62pt>
File: ./full_range/continuous_12.png Graphic file (type png)

<use ./full_range/continuous_12.png>
Package pdftex.def Info: ./full_range/continuous_12.png used on input line 293.

(pdftex.def)             Requested size: 246.96277pt x 185.22229pt.

<./Fe_fit_slope_break/break_continuous_12.png, id=69, 578.16pt x 433.62pt>
File: ./Fe_fit_slope_break/break_continuous_12.png Graphic file (type png)

<use ./Fe_fit_slope_break/break_continuous_12.png>
Package pdftex.def Info: ./Fe_fit_slope_break/break_continuous_12.png used on i
nput line 295.
(pdftex.def)             Requested size: 231.84338pt x 173.8816pt.

<./full_range/fe_fit_SBB_12.png, id=70, 578.16pt x 433.62pt>
File: ./full_range/fe_fit_SBB_12.png Graphic file (type png)

<use ./full_range/fe_fit_SBB_12.png>
Package pdftex.def Info: ./full_range/fe_fit_SBB_12.png used on input line 296.

(pdftex.def)             Requested size: 246.96277pt x 185.22229pt.

<./Fe_fit_slope_break/fe_fit_SBB_12.png, id=71, 578.16pt x 433.62pt>
File: ./Fe_fit_slope_break/fe_fit_SBB_12.png Graphic file (type png)

<use ./Fe_fit_slope_break/fe_fit_SBB_12.png>
Package pdftex.def Info: ./Fe_fit_slope_break/fe_fit_SBB_12.png used on input l
ine 298.
(pdftex.def)             Requested size: 231.84338pt x 173.8816pt.

<./Blue/fe_fit_SBB_12.png, id=72, 578.16pt x 433.62pt>
File: ./Blue/fe_fit_SBB_12.png Graphic file (type png)

<use ./Blue/fe_fit_SBB_12.png>
Package pdftex.def Info: ./Blue/fe_fit_SBB_12.png used on input line 299.
(pdftex.def)             Requested size: 231.84338pt x 173.8816pt.

<./red/fe_fit_SBB_12.png, id=73, 578.16pt x 433.62pt>
File: ./red/fe_fit_SBB_12.png Graphic file (type png)

<use ./red/fe_fit_SBB_12.png>
Package pdftex.def Info: ./red/fe_fit_SBB_12.png used on input line 301.
(pdftex.def)             Requested size: 246.96277pt x 185.22229pt.

<./full_range/continuous_13.png, id=74, 578.16pt x 433.62pt>
File: ./full_range/continuous_13.png Graphic file (type png)

<use ./full_range/continuous_13.png>
Package pdftex.def Info: ./full_range/continuous_13.png used on input line 311.

(pdftex.def)             Requested size: 246.96277pt x 185.22229pt.

<./Fe_fit_slope_break/break_continuous_13.png, id=75, 578.16pt x 433.62pt>
File: ./Fe_fit_slope_break/break_continuous_13.png Graphic file (type png)

<use ./Fe_fit_slope_break/break_continuous_13.png>
Package pdftex.def Info: ./Fe_fit_slope_break/break_continuous_13.png used on i
nput line 313.
(pdftex.def)             Requested size: 231.84338pt x 173.8816pt.

<./full_range/fe_fit_SBB_13.png, id=76, 578.16pt x 433.62pt>
File: ./full_range/fe_fit_SBB_13.png Graphic file (type png)

<use ./full_range/fe_fit_SBB_13.png>
Package pdftex.def Info: ./full_range/fe_fit_SBB_13.png used on input line 314.

(pdftex.def)             Requested size: 246.96277pt x 185.22229pt.

<./Fe_fit_slope_break/fe_fit_SBB_13.png, id=77, 578.16pt x 433.62pt>
File: ./Fe_fit_slope_break/fe_fit_SBB_13.png Graphic file (type png)

<use ./Fe_fit_slope_break/fe_fit_SBB_13.png>
Package pdftex.def Info: ./Fe_fit_slope_break/fe_fit_SBB_13.png used on input l
ine 316.
(pdftex.def)             Requested size: 231.84338pt x 173.8816pt.

<./Blue/fe_fit_SBB_13.png, id=78, 578.16pt x 433.62pt>
File: ./Blue/fe_fit_SBB_13.png Graphic file (type png)

<use ./Blue/fe_fit_SBB_13.png>
Package pdftex.def Info: ./Blue/fe_fit_SBB_13.png used on input line 317.
(pdftex.def)             Requested size: 231.84338pt x 173.8816pt.

<./red/fe_fit_SBB_13.png, id=79, 578.16pt x 433.62pt>
File: ./red/fe_fit_SBB_13.png Graphic file (type png)

<use ./red/fe_fit_SBB_13.png>
Package pdftex.def Info: ./red/fe_fit_SBB_13.png used on input line 319.
(pdftex.def)             Requested size: 246.96277pt x 185.22229pt.

<./full_range/continuous_14.png, id=80, 578.16pt x 433.62pt>
File: ./full_range/continuous_14.png Graphic file (type png)

<use ./full_range/continuous_14.png>
Package pdftex.def Info: ./full_range/continuous_14.png used on input line 330.

(pdftex.def)             Requested size: 246.96277pt x 185.22229pt.

<./Fe_fit_slope_break/break_continuous_14.png, id=81, 578.16pt x 433.62pt>
File: ./Fe_fit_slope_break/break_continuous_14.png Graphic file (type png)

<use ./Fe_fit_slope_break/break_continuous_14.png>
Package pdftex.def Info: ./Fe_fit_slope_break/break_continuous_14.png used on i
nput line 332.
(pdftex.def)             Requested size: 231.84338pt x 173.8816pt.

<./full_range/fe_fit_SBB_14.png, id=82, 578.16pt x 433.62pt>
File: ./full_range/fe_fit_SBB_14.png Graphic file (type png)

<use ./full_range/fe_fit_SBB_14.png>
Package pdftex.def Info: ./full_range/fe_fit_SBB_14.png used on input line 333.

(pdftex.def)             Requested size: 246.96277pt x 185.22229pt.

<./Fe_fit_slope_break/fe_fit_SBB_14.png, id=83, 578.16pt x 433.62pt>
File: ./Fe_fit_slope_break/fe_fit_SBB_14.png Graphic file (type png)

<use ./Fe_fit_slope_break/fe_fit_SBB_14.png>
Package pdftex.def Info: ./Fe_fit_slope_break/fe_fit_SBB_14.png used on input l
ine 335.
(pdftex.def)             Requested size: 231.84338pt x 173.8816pt.

<./Blue/fe_fit_SBB_14.png, id=84, 578.16pt x 433.62pt>
File: ./Blue/fe_fit_SBB_14.png Graphic file (type png)

<use ./Blue/fe_fit_SBB_14.png>
Package pdftex.def Info: ./Blue/fe_fit_SBB_14.png used on input line 336.
(pdftex.def)             Requested size: 231.84338pt x 173.8816pt.

<./red/fe_fit_SBB_14.png, id=85, 578.16pt x 433.62pt>
File: ./red/fe_fit_SBB_14.png Graphic file (type png)

<use ./red/fe_fit_SBB_14.png>
Package pdftex.def Info: ./red/fe_fit_SBB_14.png used on input line 338.
(pdftex.def)             Requested size: 246.96277pt x 185.22229pt.

<./full_range/continuous_15.png, id=86, 578.16pt x 433.62pt>
File: ./full_range/continuous_15.png Graphic file (type png)

<use ./full_range/continuous_15.png>
Package pdftex.def Info: ./full_range/continuous_15.png used on input line 349.

(pdftex.def)             Requested size: 246.96277pt x 185.22229pt.

<./Fe_fit_slope_break/break_continuous_15.png, id=87, 578.16pt x 433.62pt>
File: ./Fe_fit_slope_break/break_continuous_15.png Graphic file (type png)

<use ./Fe_fit_slope_break/break_continuous_15.png>
Package pdftex.def Info: ./Fe_fit_slope_break/break_continuous_15.png used on i
nput line 351.
(pdftex.def)             Requested size: 231.84338pt x 173.8816pt.

<./full_range/fe_fit_SBB_15.png, id=88, 578.16pt x 433.62pt>
File: ./full_range/fe_fit_SBB_15.png Graphic file (type png)

<use ./full_range/fe_fit_SBB_15.png>
Package pdftex.def Info: ./full_range/fe_fit_SBB_15.png used on input line 352.

(pdftex.def)             Requested size: 246.96277pt x 185.22229pt.

<./Fe_fit_slope_break/fe_fit_SBB_15.png, id=89, 578.16pt x 433.62pt>
File: ./Fe_fit_slope_break/fe_fit_SBB_15.png Graphic file (type png)

<use ./Fe_fit_slope_break/fe_fit_SBB_15.png>
Package pdftex.def Info: ./Fe_fit_slope_break/fe_fit_SBB_15.png used on input l
ine 354.
(pdftex.def)             Requested size: 231.84338pt x 173.8816pt.

<./Blue/fe_fit_SBB_15.png, id=90, 578.16pt x 433.62pt>
File: ./Blue/fe_fit_SBB_15.png Graphic file (type png)

<use ./Blue/fe_fit_SBB_15.png>
Package pdftex.def Info: ./Blue/fe_fit_SBB_15.png used on input line 355.
(pdftex.def)             Requested size: 231.84338pt x 173.8816pt.

<./red/fe_fit_SBB_15.png, id=91, 578.16pt x 433.62pt>
File: ./red/fe_fit_SBB_15.png Graphic file (type png)

<use ./red/fe_fit_SBB_15.png>
Package pdftex.def Info: ./red/fe_fit_SBB_15.png used on input line 357.
(pdftex.def)             Requested size: 246.96277pt x 185.22229pt.
LaTeX Font Info:    Try loading font information for OMS+cmr on input line 364.


(/usr/local/texlive/2013/texmf-dist/tex/latex/base/omscmr.fd
File: omscmr.fd 1999/05/25 v2.5h Standard LaTeX font definitions
)
LaTeX Font Info:    Font shape `OMS/cmr/m/n' in size <8> not available
(Font)              Font shape `OMS/cmsy/m/n' tried instead on input line 364.
 [1{/usr/local/texlive/2013/texmf-var/fonts/map/pdftex/updmap/pdftex.map}



]
Underfull \vbox (badness 10000) has occurred while \output is active []

 [2 <./full_range/continuous_0.png> <./Fe_fit_slope_break/break_continuous_0.pn
g> <./full_range/fe_fit_SBB_0.png> <./Fe_fit_slope_break/fe_fit_SBB_0.png> <./B
lue/fe_fit_SBB_0.png> <./red/fe_fit_SBB_0.png>]
Underfull \vbox (badness 10000) has occurred while \output is active []

 [3 <./full_range/continuous_1.png> <./Fe_fit_slope_break/break_continuous_1.pn
g> <./full_range/fe_fit_SBB_1.png> <./Fe_fit_slope_break/fe_fit_SBB_1.png> <./B
lue/fe_fit_SBB_1.png> <./red/fe_fit_SBB_1.png>]
Underfull \vbox (badness 10000) has occurred while \output is active []

 [4 <./full_range/continuous_2.png> <./Fe_fit_slope_break/break_continuous_2.pn
g> <./full_range/fe_fit_SBB_2.png> <./Fe_fit_slope_break/fe_fit_SBB_2.png> <./B
lue/fe_fit_SBB_2.png> <./red/fe_fit_SBB_2.png>]
Underfull \vbox (badness 10000) has occurred while \output is active []

 [5 <./full_range/continuous_3.png> <./Fe_fit_slope_break/break_continuous_3.pn
g> <./full_range/fe_fit_SBB_3.png> <./Fe_fit_slope_break/fe_fit_SBB_3.png> <./B
lue/fe_fit_SBB_3.png> <./red/fe_fit_SBB_3.png>]
Underfull \vbox (badness 10000) has occurred while \output is active []

 [6 <./full_range/continuous_5.png> <./Fe_fit_slope_break/break_continuous_5.pn
g> <./full_range/fe_fit_SBB_5.png> <./Fe_fit_slope_break/fe_fit_SBB_5.png> <./B
lue/fe_fit_SBB_5.png> <./red/fe_fit_SBB_5.png>]
Underfull \vbox (badness 10000) has occurred while \output is active []

 [7 <./full_range/continuous_6.png> <./Fe_fit_slope_break/break_continuous_6.pn
g> <./full_range/fe_fit_SBB_6.png> <./Fe_fit_slope_break/fe_fit_SBB_6.png> <./B
lue/fe_fit_SBB_6.png> <./red/fe_fit_SBB_6.png>]
Underfull \vbox (badness 10000) has occurred while \output is active []

 [8 <./full_range/continuous_7.png> <./Fe_fit_slope_break/break_continuous_7.pn
g> <./full_range/fe_fit_SBB_7.png> <./Fe_fit_slope_break/fe_fit_SBB_7.png> <./B
lue/fe_fit_SBB_7.png> <./red/fe_fit_SBB_7.png>]
Underfull \vbox (badness 10000) has occurred while \output is active []

 [9 <./full_range/continuous_8.png> <./Fe_fit_slope_break/break_continuous_8.pn
g> <./full_range/fe_fit_SBB_8.png> <./Fe_fit_slope_break/fe_fit_SBB_8.png> <./B
lue/fe_fit_SBB_8.png> <./red/fe_fit_SBB_8.png>]
Underfull \vbox (badness 10000) has occurred while \output is active []

 [10 <./full_range/continuous_9.png> <./Fe_fit_slope_break/break_continuous_9.p
ng> <./full_range/fe_fit_SBB_9.png> <./Fe_fit_slope_break/fe_fit_SBB_9.png> <./
Blue/fe_fit_SBB_9.png> <./red/fe_fit_SBB_9.png>]
Underfull \vbox (badness 10000) has occurred while \output is active []

 [11 <./full_range/continuous_10.png> <./Fe_fit_slope_break/break_continuous_10
.png> <./full_range/fe_fit_SBB_10.png> <./Fe_fit_slope_break/fe_fit_SBB_10.png>
 <./Blue/fe_fit_SBB_10.png> <./red/fe_fit_SBB_10.png>]
Underfull \vbox (badness 10000) has occurred while \output is active []

 [12 <./full_range/continuous_11.png> <./Fe_fit_slope_break/break_continuous_11
.png> <./full_range/fe_fit_SBB_11.png> <./Fe_fit_slope_break/fe_fit_SBB_11.png>
 <./Blue/fe_fit_SBB_11.png> <./red/fe_fit_SBB_11.png>]
Underfull \vbox (badness 10000) has occurred while \output is active []

 [13 <./full_range/continuous_12.png> <./Fe_fit_slope_break/break_continuous_12
.png> <./full_range/fe_fit_SBB_12.png> <./Fe_fit_slope_break/fe_fit_SBB_12.png>
 <./Blue/fe_fit_SBB_12.png> <./red/fe_fit_SBB_12.png>]
Underfull \vbox (badness 10000) has occurred while \output is active []

 [14 <./full_range/continuous_13.png> <./Fe_fit_slope_break/break_continuous_13
.png> <./full_range/fe_fit_SBB_13.png> <./Fe_fit_slope_break/fe_fit_SBB_13.png>
 <./Blue/fe_fit_SBB_13.png> <./red/fe_fit_SBB_13.png>]
Underfull \vbox (badness 10000) has occurred while \output is active []

 [15 <./full_range/continuous_14.png> <./Fe_fit_slope_break/break_continuous_14
.png> <./full_range/fe_fit_SBB_14.png> <./Fe_fit_slope_break/fe_fit_SBB_14.png>
 <./Blue/fe_fit_SBB_14.png> <./red/fe_fit_SBB_14.png>]
Underfull \vbox (badness 10000) has occurred while \output is active []

 [16 <./full_range/continuous_15.png> <./Fe_fit_slope_break/break_continuous_15
.png> <./full_range/fe_fit_SBB_15.png> <./Fe_fit_slope_break/fe_fit_SBB_15.png>
 <./Blue/fe_fit_SBB_15.png> <./red/fe_fit_SBB_15.png>] (./plots_fe.aux)

LaTeX Warning: There were multiply-defined labels.

 ) 
Here is how much of TeX's memory you used:
 3486 strings out of 493315
 52804 string characters out of 6137904
 118489 words of memory out of 5000000
 6839 multiletter control sequences out of 15000+600000
 15912 words of font info for 58 fonts, out of 8000000 for 9000
 957 hyphenation exceptions out of 8191
 36i,11n,34p,291b,293s stack positions out of 5000i,500n,10000p,200000b,80000s
</usr/local/texlive/2013/texmf-dist/fonts/type1/public/amsfonts/cm/cmbx10.pfb
></usr/local/texlive/2013/texmf-dist/fonts/type1/public/amsfonts/cm/cmbx12.pfb>
</usr/local/texlive/2013/texmf-dist/fonts/type1/public/amsfonts/cm/cmbx8.pfb></
usr/local/texlive/2013/texmf-dist/fonts/type1/public/amsfonts/cm/cmbx9.pfb></us
r/local/texlive/2013/texmf-dist/fonts/type1/public/amsfonts/cm/cmr10.pfb></usr/
local/texlive/2013/texmf-dist/fonts/type1/public/amsfonts/cm/cmr12.pfb></usr/lo
cal/texlive/2013/texmf-dist/fonts/type1/public/amsfonts/cm/cmr6.pfb></usr/local
/texlive/2013/texmf-dist/fonts/type1/public/amsfonts/cm/cmr8.pfb></usr/local/te
xlive/2013/texmf-dist/fonts/type1/public/amsfonts/cm/cmsy8.pfb></usr/local/texl
ive/2013/texmf-dist/fonts/type1/public/amsfonts/cm/cmti12.pfb></usr/local/texli
ve/2013/texmf-dist/fonts/type1/public/amsfonts/cm/cmti8.pfb>
Output written on plots_fe.pdf (16 pages, 3503260 bytes).
PDF statistics:
 281 PDF objects out of 1000 (max. 8388607)
 71 compressed objects within 1 object stream
 0 named destinations out of 1000 (max. 500000)
 451 words of extra memory for PDF output out of 10000 (max. 10000000)

